<?xml version="1.0" encoding="UTF-8"?>
<!-- Generated by org.testng.reporters.JUnitReportReporter -->
<testsuite hostname="LAPTOP-9GBQR1IA" failures="0" tests="3" name="nucotjulypomseries.tests.LoginPageTest" time="6.173" errors="0" timestamp="2023-10-01T09:40:47 IST" skipped="0">
  <testcase classname="nucotjulypomseries.tests.LoginPageTest" name="doLoginTest" time="6.120"/>
  <testcase classname="nucotjulypomseries.tests.LoginPageTest" name="getLoginPageCurrentUrlTest" time="0.032"/>
  <testcase classname="nucotjulypomseries.tests.LoginPageTest" name="getLoginPageTitleTest" time="0.021"/>
</testsuite> <!-- nucotjulypomseries.tests.LoginPageTest -->
